2022-07-22 15:00:46 [ INFO  ] [ main ] [ c.k.fridaybootapi.FridaybootApiApplicationTests : 55 ] -
                Starting FridaybootApiApplicationTests using Java 17.0.4 on archlinux with PID 197981 (started by zhang in /home/zhang/IdeaProjects/fridayboot/fridayboot-api)
2022-07-22 15:00:46 [ INFO  ] [ background-preinit ] [ org.hibernate.validator.internal.util.Version : 21 ] -
                HV000001: Hibernate Validator 6.2.3.Final
2022-07-22 15:00:46 [ INFO  ] [ main ] [ c.k.fridaybootapi.FridaybootApiApplicationTests : 640 ] -
                The following 1 profile is active: "dev"
2022-07-22 15:01:18 [ INFO  ] [ main ] [ c.k.fridaybootapi.FridaybootApiApplicationTests : 55 ] -
                Starting FridaybootApiApplicationTests using Java 17.0.4 on archlinux with PID 198226 (started by zhang in /home/zhang/IdeaProjects/fridayboot/fridayboot-api)
2022-07-22 15:01:18 [ INFO  ] [ main ] [ c.k.fridaybootapi.FridaybootApiApplicationTests : 640 ] -
                The following 1 profile is active: "dev"
2022-07-22 15:01:18 [ INFO  ] [ background-preinit ] [ org.hibernate.validator.internal.util.Version : 21 ] -
                HV000001: Hibernate Validator 6.2.3.Final
2022-07-22 15:01:21 [ INFO  ] [ main ] [ c.k.fridaybootapi.FridaybootApiApplicationTests : 61 ] -
                Started FridaybootApiApplicationTests in 3.388 seconds (JVM running for 4.213)
2022-07-22 18:01:52 [ INFO  ] [ main ] [ c.k.fridaybootapi.FridaybootApiApplicationTests : 55 ] -
                Starting FridaybootApiApplicationTests using Java 17.0.4 on archlinux with PID 210641 (started by zhang in /home/zhang/IdeaProjects/fridayboot/fridayboot-api)
2022-07-22 18:01:52 [ INFO  ] [ background-preinit ] [ org.hibernate.validator.internal.util.Version : 21 ] -
                HV000001: Hibernate Validator 6.2.3.Final
2022-07-22 18:01:52 [ INFO  ] [ main ] [ c.k.fridaybootapi.FridaybootApiApplicationTests : 640 ] -
                The following 1 profile is active: "dev"
2022-07-22 18:01:55 [ INFO  ] [ main ] [ c.k.fridaybootapi.FridaybootApiApplicationTests : 61 ] -
                Started FridaybootApiApplicationTests in 3.249 seconds (JVM running for 3.962)
